<?xml version="1.0" encoding="UTF-8"?>
<testsuite xmlns:xsi="http://www.w3.org/2001/XMLSchema-instance" xsi:noNamespaceSchemaLocation="https://maven.apache.org/surefire/maven-surefire-plugin/xsd/surefire-test-report-3.0.xsd" version="3.0" name="com.example.demo.DemoApplicationTests" time="11.083" tests="1" errors="0" skipped="0" failures="0">
  <properties>
[...]
</properties>
  <testcase name="contextLoads" classname="com.example.demo.DemoApplicationTests" time="2.145">
    <system-out><![CDATA[11:20:37.070 [main] INFO org.springframework.test.context.support.AnnotationConfigContextLoaderUtils -- Could not detect default configuration classes for test class [com.example.demo.DemoApplicationTests]: DemoApplicationTests does not declare any static, non-private, non-final, nested classes annotated with @Configuration.
11:20:37.347 [main] INFO org.springframework.boot.test.context.SpringBootTestContextBootstrapper -- Found @SpringBootConfiguration com.example.demo.DemoApplication for test class com.example.demo.DemoApplicationTests
11:20:37.759 [main] INFO org.springframework.boot.devtools.restart.RestartApplicationListener -- Restart disabled due to context in which it is running

  .   ____          _            __ _ _
 /\\ / ___'_ __ _ _(_)_ __  __ _ \ \ \ \
( ( )\___ | '_ | '_| | '_ \/ _` | \ \ \ \
 \\/  ___)| |_)| | | | | || (_| |  ) ) ) )
  '  |____| .__|_| |_|_| |_\__, | / / / /
 =========|_|==============|___/=/_/_/_/
 :: Spring Boot ::                (v3.2.5)

2024-05-28T11:20:38.392+03:00  INFO 28740 --- [           main] com.example.demo.DemoApplicationTests    : Starting DemoApplicationTests using Java 18.0.2.1 with PID 28740 (started by artiom.oriol in C:\Users\artiom.oriol\OneDrive - Microinvest\Documents\JavaSpring\demo)
2024-05-28T11:20:38.395+03:00  INFO 28740 --- [           main] com.example.demo.DemoApplicationTests    : The following 1 profile is active: "dev"
2024-05-28T11:20:40.288+03:00  INFO 28740 --- [           main] .s.d.r.c.RepositoryConfigurationDelegate : Multiple Spring Data modules found, entering strict repository configuration mode
2024-05-28T11:20:40.294+03:00  INFO 28740 --- [           main] .s.d.r.c.RepositoryConfigurationDelegate : Bootstrapping Spring Data MongoDB repositories in DEFAULT mode.
2024-05-28T11:20:40.460+03:00  INFO 28740 --- [           main] .s.d.r.c.RepositoryConfigurationDelegate : Finished Spring Data repository scanning in 144 ms. Found 1 MongoDB repository interface.
2024-05-28T11:20:41.862+03:00  INFO 28740 --- [           main] org.mongodb.driver.client                : MongoClient with metadata {"driver": {"name": "mongo-java-driver|sync|spring-boot", "version": "4.11.2"}, "os": {"type": "Windows", "name": "Windows 11", "architecture": "amd64", "version": "10.0"}, "platform": "Java/Oracle Corporation/18.0.2.1+1-1"} created with settings MongoClientSettings{readPreference=primary, writeConcern=WriteConcern{w=null, wTimeout=null ms, journal=null}, retryWrites=true, retryReads=true, readConcern=ReadConcern{level=null}, credential=null, transportSettings=null, streamFactoryFactory=null, commandListeners=[], codecRegistry=ProvidersCodecRegistry{codecProviders=[ValueCodecProvider{}, BsonValueCodecProvider{}, DBRefCodecProvider{}, DBObjectCodecProvider{}, DocumentCodecProvider{}, CollectionCodecProvider{}, IterableCodecProvider{}, MapCodecProvider{}, GeoJsonCodecProvider{}, GridFSFileCodecProvider{}, Jsr310CodecProvider{}, JsonObjectCodecProvider{}, BsonCodecProvider{}, EnumCodecProvider{}, com.mongodb.client.model.mql.ExpressionCodecProvider@648c5fb3, com.mongodb.Jep395RecordCodecProvider@47b33e07, com.mongodb.KotlinCodecProvider@7126e26]}, loggerSettings=LoggerSettings{maxDocumentLength=1000}, clusterSettings={hosts=[localhost:27017], srvServiceName=mongodb, mode=SINGLE, requiredClusterType=UNKNOWN, requiredReplicaSetName='null', serverSelector='null', clusterListeners='[]', serverSelectionTimeout='30000 ms', localThreshold='15 ms'}, socketSettings=SocketSettings{connectTimeoutMS=10000, readTimeoutMS=0, receiveBufferSize=0, proxySettings=ProxySettings{host=null, port=null, username=null, password=null}}, heartbeatSocketSettings=SocketSettings{connectTimeoutMS=10000, readTimeoutMS=10000, receiveBufferSize=0, proxySettings=ProxySettings{host=null, port=null, username=null, password=null}}, connectionPoolSettings=ConnectionPoolSettings{maxSize=100, minSize=0, maxWaitTimeMS=120000, maxConnectionLifeTimeMS=0, maxConnectionIdleTimeMS=0, maintenanceInitialDelayMS=0, maintenanceFrequencyMS=60000, connectionPoolListeners=[], maxConnecting=2}, serverSettings=ServerSettings{heartbeatFrequencyMS=10000, minHeartbeatFrequencyMS=500, serverListeners='[]', serverMonitorListeners='[]'}, sslSettings=SslSettings{enabled=false, invalidHostNameAllowed=false, context=null}, applicationName='null', compressorList=[], uuidRepresentation=JAVA_LEGACY, serverApi=null, autoEncryptionSettings=null, dnsClient=null, inetAddressResolver=null, contextProvider=null}
2024-05-28T11:20:42.000+03:00  INFO 28740 --- [localhost:27017] org.mongodb.driver.cluster               : Monitor thread successfully connected to server with description ServerDescription{address=localhost:27017, type=STANDALONE, state=CONNECTED, ok=true, minWireVersion=0, maxWireVersion=21, maxDocumentSize=16777216, logicalSessionTimeoutMinutes=30, roundTripTimeNanos=66193100}
2024-05-28T11:20:43.176+03:00 DEBUG 28740 --- [           main] .PrePostAnnotationSecurityMetadataSource : @org.springframework.security.access.prepost.PreAuthorize("#user.id == #id") found on specific method: public org.springframework.http.ResponseEntity com.example.demo.AuthenticationConfig.Controllers.UserController.user(com.example.demo.AuthenticationConfig.UserDocument.User,java.lang.String)
2024-05-28T11:20:43.217+03:00 DEBUG 28740 --- [           main] m.DelegatingMethodSecurityMetadataSource : Caching method [CacheKey[com.example.demo.AuthenticationConfig.Controllers.UserController; public org.springframework.http.ResponseEntity com.example.demo.AuthenticationConfig.Controllers.UserController.user(com.example.demo.AuthenticationConfig.UserDocument.User,java.lang.String)]] with attributes [[authorize: '#user.id == #id', filter: 'null', filterTarget: 'null']]
2024-05-28T11:20:44.559+03:00  INFO 28740 --- [           main] o.s.s.web.DefaultSecurityFilterChain     : Will secure any request with [org.springframework.security.web.session.DisableEncodeUrlFilter@1d585fb, org.springframework.security.web.context.request.async.WebAsyncManagerIntegrationFilter@1884e671, org.springframework.security.web.context.SecurityContextHolderFilter@35ab4260, org.springframework.security.web.header.HeaderWriterFilter@4a520f05, org.springframework.security.web.authentication.logout.LogoutFilter@10a0d93a, org.springframework.security.oauth2.server.resource.web.authentication.BearerTokenAuthenticationFilter@7d8f2eec, org.springframework.security.web.savedrequest.RequestCacheAwareFilter@38667005, org.springframework.security.web.servletapi.SecurityContextHolderAwareRequestFilter@7ee64b53, org.springframework.security.web.authentication.AnonymousAuthenticationFilter@1c7843c3, org.springframework.security.web.session.SessionManagementFilter@165aa43a, org.springframework.security.web.access.ExceptionTranslationFilter@102af1bb, org.springframework.security.web.access.intercept.AuthorizationFilter@5fc1e4fb]
2024-05-28T11:20:45.160+03:00  WARN 28740 --- [           main] ion$DefaultTemplateResolverConfiguration : Cannot find template location: classpath:/templates/ (please add some templates, check your Thymeleaf configuration, or set spring.thymeleaf.check-template-location=false)
2024-05-28T11:20:45.529+03:00  INFO 28740 --- [           main] com.example.demo.DemoApplicationTests    : Started DemoApplicationTests in 7.797 seconds (process running for 10.459)
]]></system-out>
  </testcase>
</testsuite>